<?xml version="1.0" encoding="UTF-8"?>
<testsuites name="Mocha Tests" time="0.2700" tests="6" failures="2">
  <testsuite name="Root Suite" timestamp="2021-06-18T09:03:16" tests="0" time="0.0000" failures="0">
  </testsuite>
  <testsuite name="WorkList app 
" timestamp="2021-06-18T09:03:16" tests="6" file="D:\JavaScript\worklist\test\test.js" time="0.2700" failures="2">
    <testcase name="WorkList app 
 &quot;before all&quot; hook for &quot;Add a work&quot;" time="0.2690" classname="&quot;before all&quot; hook for &quot;Add a work&quot;">
      <failure message="The ChromeDriver could not be found on the current PATH. Please download the latest version of the ChromeDriver from http://chromedriver.storage.googleapis.com/index.html and ensure it can be found on your PATH." type="Error"><![CDATA[Error: The ChromeDriver could not be found on the current PATH. Please download the latest version of the ChromeDriver from http://chromedriver.storage.googleapis.com/index.html and ensure it can be found on your PATH.
    at new ServiceBuilder (node_modules\selenium-webdriver\chrome.js:215:13)
    at getDefaultService (node_modules\selenium-webdriver\chrome.js:304:22)
    at Function.createSession (node_modules\selenium-webdriver\chrome.js:752:44)
    at createDriver (node_modules\selenium-webdriver\index.js:170:33)
    at Builder.build (node_modules\selenium-webdriver\index.js:642:16)
    at Context.<anonymous> (test\test.js:23:8)
    at processImmediate (internal/timers.js:461:21)]]></failure>
    </testcase>
    <testcase name="WorkList app 
 &quot;after all&quot; hook for &quot;Delete&quot;" time="0.0010" classname="&quot;after all&quot; hook for &quot;Delete&quot;">
      <failure message="Cannot read property &apos;quit&apos; of undefined" type="TypeError"><![CDATA[TypeError: Cannot read property 'quit' of undefined
    at Context.<anonymous> (test\test.js:30:12)
    at processImmediate (internal/timers.js:461:21)]]></failure>
    </testcase>
  </testsuite>
</testsuites>